<?xml version="1.0" encoding="UTF-8"?>
<testsuite name="ru.pln.orders.service.converter.ToOrderTest" tests="4" skipped="0" failures="0" errors="0" timestamp="2023-10-21T19:06:14" hostname="LAPTOP-PO5GPI77" time="0.028">
  <properties/>
  <testcase name="whenNullProductOrders_thenThrowsAPIException()" classname="ru.pln.orders.service.converter.ToOrderTest" time="0.006"/>
  <testcase name="whenProductOrdersNull_thanCorrectOrder()" classname="ru.pln.orders.service.converter.ToOrderTest" time="0.005"/>
  <testcase name="whenCorrectOrderDTO_thanCorrectOrder()" classname="ru.pln.orders.service.converter.ToOrderTest" time="0.005"/>
  <testcase name="whenHasProductsDTO_thanCorrectOrder()" classname="ru.pln.orders.service.converter.ToOrderTest" time="0.005"/>
  <system-out><![CDATA[2023-10-22 00:06:14.068  INFO 16816 --- [    Test worker] .b.t.c.SpringBootTestContextBootstrapper : Neither @ContextConfiguration nor @ContextHierarchy found for test class [ru.pln.orders.service.converter.ToOrderTest], using SpringBootContextLoader
2023-10-22 00:06:14.071  INFO 16816 --- [    Test worker] o.s.t.c.support.AbstractContextLoader    : Could not detect default resource locations for test class [ru.pln.orders.service.converter.ToOrderTest]: no resource found for suffixes {-context.xml, Context.groovy}.
2023-10-22 00:06:14.074  INFO 16816 --- [    Test worker] t.c.s.AnnotationConfigContextLoaderUtils : Could not detect default configuration classes for test class [ru.pln.orders.service.converter.ToOrderTest]: ToOrderTest does not declare any static, non-private, non-final, nested classes annotated with @Configuration.
2023-10-22 00:06:14.077  INFO 16816 --- [    Test worker] .b.t.c.SpringBootTestContextBootstrapper : Found @SpringBootConfiguration ru.pln.orders.OrdersApplication for test class ru.pln.orders.service.converter.ToOrderTest
2023-10-22 00:06:14.080  INFO 16816 --- [    Test worker] .b.t.c.SpringBootTestContextBootstrapper : Loaded default TestExecutionListener class names from location [META-INF/spring.factories]: [org.springframework.boot.test.autoconfigure.restdocs.RestDocsTestExecutionListener, org.springframework.boot.test.autoconfigure.web.client.MockRestServiceServerResetTestExecutionListener, org.springframework.boot.test.autoconfigure.web.servlet.MockMvcPrintOnlyOnFailureTestExecutionListener, org.springframework.boot.test.autoconfigure.web.servlet.WebDriverTestExecutionListener, org.springframework.boot.test.autoconfigure.webservices.client.MockWebServiceServerTestExecutionListener, org.springframework.boot.test.mock.mockito.MockitoTestExecutionListener, org.springframework.boot.test.mock.mockito.ResetMocksTestExecutionListener, org.springframework.test.context.web.ServletTestExecutionListener, org.springframework.test.context.support.DirtiesContextBeforeModesTestExecutionListener, org.springframework.test.context.event.ApplicationEventsTestExecutionListener, org.springframework.test.context.support.DependencyInjectionTestExecutionListener, org.springframework.test.context.support.DirtiesContextTestExecutionListener, org.springframework.test.context.transaction.TransactionalTestExecutionListener, org.springframework.test.context.jdbc.SqlScriptsTestExecutionListener, org.springframework.test.context.event.EventPublishingTestExecutionListener]
2023-10-22 00:06:14.081  INFO 16816 --- [    Test worker] .b.t.c.SpringBootTestContextBootstrapper : Using TestExecutionListeners: [org.springframework.test.context.web.ServletTestExecutionListener@7be62956, org.springframework.test.context.support.DirtiesContextBeforeModesTestExecutionListener@30e143ff, org.springframework.test.context.event.ApplicationEventsTestExecutionListener@452ec287, org.springframework.boot.test.mock.mockito.MockitoTestExecutionListener@41404aa2, org.springframework.boot.test.autoconfigure.SpringBootDependencyInjectionTestExecutionListener@b267745, org.springframework.test.context.support.DirtiesContextTestExecutionListener@31e22365, org.springframework.test.context.transaction.TransactionalTestExecutionListener@2ebf524, org.springframework.test.context.jdbc.SqlScriptsTestExecutionListener@41bdaa81, org.springframework.test.context.event.EventPublishingTestExecutionListener@799971ac, org.springframework.boot.test.autoconfigure.restdocs.RestDocsTestExecutionListener@59c08cf1, org.springframework.boot.test.autoconfigure.web.client.MockRestServiceServerResetTestExecutionListener@45f0038, org.springframework.boot.test.autoconfigure.web.servlet.MockMvcPrintOnlyOnFailureTestExecutionListener@289a4b90, org.springframework.boot.test.autoconfigure.web.servlet.WebDriverTestExecutionListener@1a3c4b3e, org.springframework.boot.test.autoconfigure.webservices.client.MockWebServiceServerTestExecutionListener@4746fb8c, org.springframework.boot.test.mock.mockito.ResetMocksTestExecutionListener@3be46d9c]
]]></system-out>
  <system-err><![CDATA[]]></system-err>
</testsuite>
