<?xml version="1.0" encoding="UTF-8"?>
<testsuite name="ru.pln.orders.service.converter.ToOrderDTOTest" tests="3" skipped="0" failures="0" errors="0" timestamp="2023-10-21T19:06:14" hostname="LAPTOP-PO5GPI77" time="0.027">
  <properties/>
  <testcase name="whenNullProductsOrder_thenCorrectOrderDTO()" classname="ru.pln.orders.service.converter.ToOrderDTOTest" time="0.012"/>
  <testcase name="whenCorrectOrder_thenCorrectOrderDTO()" classname="ru.pln.orders.service.converter.ToOrderDTOTest" time="0.006"/>
  <testcase name="whenNullOrder_thenThrowsAPIException()" classname="ru.pln.orders.service.converter.ToOrderDTOTest" time="0.004"/>
  <system-out><![CDATA[2023-10-22 00:06:14.023  INFO 16816 --- [    Test worker] .b.t.c.SpringBootTestContextBootstrapper : Neither @ContextConfiguration nor @ContextHierarchy found for test class [ru.pln.orders.service.converter.ToOrderDTOTest], using SpringBootContextLoader
2023-10-22 00:06:14.024  INFO 16816 --- [    Test worker] o.s.t.c.support.AbstractContextLoader    : Could not detect default resource locations for test class [ru.pln.orders.service.converter.ToOrderDTOTest]: no resource found for suffixes {-context.xml, Context.groovy}.
2023-10-22 00:06:14.025  INFO 16816 --- [    Test worker] t.c.s.AnnotationConfigContextLoaderUtils : Could not detect default configuration classes for test class [ru.pln.orders.service.converter.ToOrderDTOTest]: ToOrderDTOTest does not declare any static, non-private, non-final, nested classes annotated with @Configuration.
2023-10-22 00:06:14.027  INFO 16816 --- [    Test worker] .b.t.c.SpringBootTestContextBootstrapper : Found @SpringBootConfiguration ru.pln.orders.OrdersApplication for test class ru.pln.orders.service.converter.ToOrderDTOTest
2023-10-22 00:06:14.029  INFO 16816 --- [    Test worker] .b.t.c.SpringBootTestContextBootstrapper : Loaded default TestExecutionListener class names from location [META-INF/spring.factories]: [org.springframework.boot.test.autoconfigure.restdocs.RestDocsTestExecutionListener, org.springframework.boot.test.autoconfigure.web.client.MockRestServiceServerResetTestExecutionListener, org.springframework.boot.test.autoconfigure.web.servlet.MockMvcPrintOnlyOnFailureTestExecutionListener, org.springframework.boot.test.autoconfigure.web.servlet.WebDriverTestExecutionListener, org.springframework.boot.test.autoconfigure.webservices.client.MockWebServiceServerTestExecutionListener, org.springframework.boot.test.mock.mockito.MockitoTestExecutionListener, org.springframework.boot.test.mock.mockito.ResetMocksTestExecutionListener, org.springframework.test.context.web.ServletTestExecutionListener, org.springframework.test.context.support.DirtiesContextBeforeModesTestExecutionListener, org.springframework.test.context.event.ApplicationEventsTestExecutionListener, org.springframework.test.context.support.DependencyInjectionTestExecutionListener, org.springframework.test.context.support.DirtiesContextTestExecutionListener, org.springframework.test.context.transaction.TransactionalTestExecutionListener, org.springframework.test.context.jdbc.SqlScriptsTestExecutionListener, org.springframework.test.context.event.EventPublishingTestExecutionListener]
2023-10-22 00:06:14.030  INFO 16816 --- [    Test worker] .b.t.c.SpringBootTestContextBootstrapper : Using TestExecutionListeners: [org.springframework.test.context.web.ServletTestExecutionListener@fbe8fd3, org.springframework.test.context.support.DirtiesContextBeforeModesTestExecutionListener@1ab268bd, org.springframework.test.context.event.ApplicationEventsTestExecutionListener@2fafa7b5, org.springframework.boot.test.mock.mockito.MockitoTestExecutionListener@181098bf, org.springframework.boot.test.autoconfigure.SpringBootDependencyInjectionTestExecutionListener@632b5c79, org.springframework.test.context.support.DirtiesContextTestExecutionListener@6a552721, org.springframework.test.context.transaction.TransactionalTestExecutionListener@3815a7d1, org.springframework.test.context.jdbc.SqlScriptsTestExecutionListener@24dc150c, org.springframework.test.context.event.EventPublishingTestExecutionListener@1d2d4d7a, org.springframework.boot.test.autoconfigure.restdocs.RestDocsTestExecutionListener@5e020dd1, org.springframework.boot.test.autoconfigure.web.client.MockRestServiceServerResetTestExecutionListener@4bbc02ef, org.springframework.boot.test.autoconfigure.web.servlet.MockMvcPrintOnlyOnFailureTestExecutionListener@f0c1ae1, org.springframework.boot.test.autoconfigure.web.servlet.WebDriverTestExecutionListener@783dc0e7, org.springframework.boot.test.autoconfigure.webservices.client.MockWebServiceServerTestExecutionListener@361f26b4, org.springframework.boot.test.mock.mockito.ResetMocksTestExecutionListener@1d9ff1e2]
]]></system-out>
  <system-err><![CDATA[]]></system-err>
</testsuite>
